CRITICAL - 2023-09-11 22:32:20 --> Undefined variable: pessoas
in APPPATH/Views/exibir.php on line 19.
 1 APPPATH/Views/exibir.php(19): CodeIgniter\Debug\Exceptions->errorHandler()
 2 SYSTEMPATH/View/View.php(224): include('/home/www/html/dwilliam/ads107/aulas/app/Views/exibir.php')
 3 SYSTEMPATH/View/View.php(227): CodeIgniter\View\View->CodeIgniter\View\{closure}()
 4 SYSTEMPATH/Common.php(1176): CodeIgniter\View\View->render()
 5 APPPATH/Controllers/Home.php(14): view()
 6 SYSTEMPATH/CodeIgniter.php(932): App\Controllers\Home->exibir()
 7 SYSTEMPATH/CodeIgniter.php(497): CodeIgniter\CodeIgniter->runController()
 8 SYSTEMPATH/CodeIgniter.php(366): CodeIgniter\CodeIgniter->handleRequest()
 9 FCPATH/index.php(67): CodeIgniter\CodeIgniter->run()
CRITICAL - 2023-09-11 22:33:01 --> Undefined variable: pessoas
in APPPATH/Views/exibir.php on line 15.
 1 APPPATH/Views/exibir.php(15): CodeIgniter\Debug\Exceptions->errorHandler()
 2 SYSTEMPATH/View/View.php(224): include('/home/www/html/dwilliam/ads107/aulas/app/Views/exibir.php')
 3 SYSTEMPATH/View/View.php(227): CodeIgniter\View\View->CodeIgniter\View\{closure}()
 4 SYSTEMPATH/Common.php(1176): CodeIgniter\View\View->render()
 5 APPPATH/Controllers/Home.php(14): view()
 6 SYSTEMPATH/CodeIgniter.php(932): App\Controllers\Home->exibir()
 7 SYSTEMPATH/CodeIgniter.php(497): CodeIgniter\CodeIgniter->runController()
 8 SYSTEMPATH/CodeIgniter.php(366): CodeIgniter\CodeIgniter->handleRequest()
 9 FCPATH/index.php(67): CodeIgniter\CodeIgniter->run()
CRITICAL - 2023-09-11 22:33:02 --> Undefined variable: pessoas
in APPPATH/Views/exibir.php on line 15.
 1 APPPATH/Views/exibir.php(15): CodeIgniter\Debug\Exceptions->errorHandler()
 2 SYSTEMPATH/View/View.php(224): include('/home/www/html/dwilliam/ads107/aulas/app/Views/exibir.php')
 3 SYSTEMPATH/View/View.php(227): CodeIgniter\View\View->CodeIgniter\View\{closure}()
 4 SYSTEMPATH/Common.php(1176): CodeIgniter\View\View->render()
 5 APPPATH/Controllers/Home.php(14): view()
 6 SYSTEMPATH/CodeIgniter.php(932): App\Controllers\Home->exibir()
 7 SYSTEMPATH/CodeIgniter.php(497): CodeIgniter\CodeIgniter->runController()
 8 SYSTEMPATH/CodeIgniter.php(366): CodeIgniter\CodeIgniter->handleRequest()
 9 FCPATH/index.php(67): CodeIgniter\CodeIgniter->run()
CRITICAL - 2023-09-11 22:33:03 --> Undefined variable: pessoas
in APPPATH/Views/exibir.php on line 15.
 1 APPPATH/Views/exibir.php(15): CodeIgniter\Debug\Exceptions->errorHandler()
 2 SYSTEMPATH/View/View.php(224): include('/home/www/html/dwilliam/ads107/aulas/app/Views/exibir.php')
 3 SYSTEMPATH/View/View.php(227): CodeIgniter\View\View->CodeIgniter\View\{closure}()
 4 SYSTEMPATH/Common.php(1176): CodeIgniter\View\View->render()
 5 APPPATH/Controllers/Home.php(14): view()
 6 SYSTEMPATH/CodeIgniter.php(932): App\Controllers\Home->exibir()
 7 SYSTEMPATH/CodeIgniter.php(497): CodeIgniter\CodeIgniter->runController()
 8 SYSTEMPATH/CodeIgniter.php(366): CodeIgniter\CodeIgniter->handleRequest()
 9 FCPATH/index.php(67): CodeIgniter\CodeIgniter->run()
CRITICAL - 2023-09-11 22:33:03 --> Undefined variable: pessoas
in APPPATH/Views/exibir.php on line 15.
 1 APPPATH/Views/exibir.php(15): CodeIgniter\Debug\Exceptions->errorHandler()
 2 SYSTEMPATH/View/View.php(224): include('/home/www/html/dwilliam/ads107/aulas/app/Views/exibir.php')
 3 SYSTEMPATH/View/View.php(227): CodeIgniter\View\View->CodeIgniter\View\{closure}()
 4 SYSTEMPATH/Common.php(1176): CodeIgniter\View\View->render()
 5 APPPATH/Controllers/Home.php(14): view()
 6 SYSTEMPATH/CodeIgniter.php(932): App\Controllers\Home->exibir()
 7 SYSTEMPATH/CodeIgniter.php(497): CodeIgniter\CodeIgniter->runController()
 8 SYSTEMPATH/CodeIgniter.php(366): CodeIgniter\CodeIgniter->handleRequest()
 9 FCPATH/index.php(67): CodeIgniter\CodeIgniter->run()
CRITICAL - 2023-09-11 22:33:04 --> Undefined variable: pessoas
in APPPATH/Views/exibir.php on line 15.
 1 APPPATH/Views/exibir.php(15): CodeIgniter\Debug\Exceptions->errorHandler()
 2 SYSTEMPATH/View/View.php(224): include('/home/www/html/dwilliam/ads107/aulas/app/Views/exibir.php')
 3 SYSTEMPATH/View/View.php(227): CodeIgniter\View\View->CodeIgniter\View\{closure}()
 4 SYSTEMPATH/Common.php(1176): CodeIgniter\View\View->render()
 5 APPPATH/Controllers/Home.php(14): view()
 6 SYSTEMPATH/CodeIgniter.php(932): App\Controllers\Home->exibir()
 7 SYSTEMPATH/CodeIgniter.php(497): CodeIgniter\CodeIgniter->runController()
 8 SYSTEMPATH/CodeIgniter.php(366): CodeIgniter\CodeIgniter->handleRequest()
 9 FCPATH/index.php(67): CodeIgniter\CodeIgniter->run()
CRITICAL - 2023-09-11 22:33:04 --> Undefined variable: pessoas
in APPPATH/Views/exibir.php on line 15.
 1 APPPATH/Views/exibir.php(15): CodeIgniter\Debug\Exceptions->errorHandler()
 2 SYSTEMPATH/View/View.php(224): include('/home/www/html/dwilliam/ads107/aulas/app/Views/exibir.php')
 3 SYSTEMPATH/View/View.php(227): CodeIgniter\View\View->CodeIgniter\View\{closure}()
 4 SYSTEMPATH/Common.php(1176): CodeIgniter\View\View->render()
 5 APPPATH/Controllers/Home.php(14): view()
 6 SYSTEMPATH/CodeIgniter.php(932): App\Controllers\Home->exibir()
 7 SYSTEMPATH/CodeIgniter.php(497): CodeIgniter\CodeIgniter->runController()
 8 SYSTEMPATH/CodeIgniter.php(366): CodeIgniter\CodeIgniter->handleRequest()
 9 FCPATH/index.php(67): CodeIgniter\CodeIgniter->run()
CRITICAL - 2023-09-11 22:33:04 --> Undefined variable: pessoas
in APPPATH/Views/exibir.php on line 15.
 1 APPPATH/Views/exibir.php(15): CodeIgniter\Debug\Exceptions->errorHandler()
 2 SYSTEMPATH/View/View.php(224): include('/home/www/html/dwilliam/ads107/aulas/app/Views/exibir.php')
 3 SYSTEMPATH/View/View.php(227): CodeIgniter\View\View->CodeIgniter\View\{closure}()
 4 SYSTEMPATH/Common.php(1176): CodeIgniter\View\View->render()
 5 APPPATH/Controllers/Home.php(14): view()
 6 SYSTEMPATH/CodeIgniter.php(932): App\Controllers\Home->exibir()
 7 SYSTEMPATH/CodeIgniter.php(497): CodeIgniter\CodeIgniter->runController()
 8 SYSTEMPATH/CodeIgniter.php(366): CodeIgniter\CodeIgniter->handleRequest()
 9 FCPATH/index.php(67): CodeIgniter\CodeIgniter->run()
CRITICAL - 2023-09-11 22:34:52 --> Undefined variable: pessoas
in APPPATH/Views/exibir.php on line 19.
 1 APPPATH/Views/exibir.php(19): CodeIgniter\Debug\Exceptions->errorHandler()
 2 SYSTEMPATH/View/View.php(224): include('/home/www/html/dwilliam/ads107/aulas/app/Views/exibir.php')
 3 SYSTEMPATH/View/View.php(227): CodeIgniter\View\View->CodeIgniter\View\{closure}()
 4 SYSTEMPATH/Common.php(1176): CodeIgniter\View\View->render()
 5 APPPATH/Controllers/Home.php(14): view()
 6 SYSTEMPATH/CodeIgniter.php(932): App\Controllers\Home->exibir()
 7 SYSTEMPATH/CodeIgniter.php(497): CodeIgniter\CodeIgniter->runController()
 8 SYSTEMPATH/CodeIgniter.php(366): CodeIgniter\CodeIgniter->handleRequest()
 9 FCPATH/index.php(67): CodeIgniter\CodeIgniter->run()
CRITICAL - 2023-09-11 22:34:53 --> Undefined variable: pessoas
in APPPATH/Views/exibir.php on line 19.
 1 APPPATH/Views/exibir.php(19): CodeIgniter\Debug\Exceptions->errorHandler()
 2 SYSTEMPATH/View/View.php(224): include('/home/www/html/dwilliam/ads107/aulas/app/Views/exibir.php')
 3 SYSTEMPATH/View/View.php(227): CodeIgniter\View\View->CodeIgniter\View\{closure}()
 4 SYSTEMPATH/Common.php(1176): CodeIgniter\View\View->render()
 5 APPPATH/Controllers/Home.php(14): view()
 6 SYSTEMPATH/CodeIgniter.php(932): App\Controllers\Home->exibir()
 7 SYSTEMPATH/CodeIgniter.php(497): CodeIgniter\CodeIgniter->runController()
 8 SYSTEMPATH/CodeIgniter.php(366): CodeIgniter\CodeIgniter->handleRequest()
 9 FCPATH/index.php(67): CodeIgniter\CodeIgniter->run()
CRITICAL - 2023-09-11 22:34:53 --> Undefined variable: pessoas
in APPPATH/Views/exibir.php on line 19.
 1 APPPATH/Views/exibir.php(19): CodeIgniter\Debug\Exceptions->errorHandler()
 2 SYSTEMPATH/View/View.php(224): include('/home/www/html/dwilliam/ads107/aulas/app/Views/exibir.php')
 3 SYSTEMPATH/View/View.php(227): CodeIgniter\View\View->CodeIgniter\View\{closure}()
 4 SYSTEMPATH/Common.php(1176): CodeIgniter\View\View->render()
 5 APPPATH/Controllers/Home.php(14): view()
 6 SYSTEMPATH/CodeIgniter.php(932): App\Controllers\Home->exibir()
 7 SYSTEMPATH/CodeIgniter.php(497): CodeIgniter\CodeIgniter->runController()
 8 SYSTEMPATH/CodeIgniter.php(366): CodeIgniter\CodeIgniter->handleRequest()
 9 FCPATH/index.php(67): CodeIgniter\CodeIgniter->run()
CRITICAL - 2023-09-11 22:34:53 --> Undefined variable: pessoas
in APPPATH/Views/exibir.php on line 19.
 1 APPPATH/Views/exibir.php(19): CodeIgniter\Debug\Exceptions->errorHandler()
 2 SYSTEMPATH/View/View.php(224): include('/home/www/html/dwilliam/ads107/aulas/app/Views/exibir.php')
 3 SYSTEMPATH/View/View.php(227): CodeIgniter\View\View->CodeIgniter\View\{closure}()
 4 SYSTEMPATH/Common.php(1176): CodeIgniter\View\View->render()
 5 APPPATH/Controllers/Home.php(14): view()
 6 SYSTEMPATH/CodeIgniter.php(932): App\Controllers\Home->exibir()
 7 SYSTEMPATH/CodeIgniter.php(497): CodeIgniter\CodeIgniter->runController()
 8 SYSTEMPATH/CodeIgniter.php(366): CodeIgniter\CodeIgniter->handleRequest()
 9 FCPATH/index.php(67): CodeIgniter\CodeIgniter->run()
CRITICAL - 2023-09-11 22:35:30 --> Undefined variable: pessoas
in APPPATH/Views/exibir.php on line 19.
 1 APPPATH/Views/exibir.php(19): CodeIgniter\Debug\Exceptions->errorHandler()
 2 SYSTEMPATH/View/View.php(224): include('/home/www/html/dwilliam/ads107/aulas/app/Views/exibir.php')
 3 SYSTEMPATH/View/View.php(227): CodeIgniter\View\View->CodeIgniter\View\{closure}()
 4 SYSTEMPATH/Common.php(1176): CodeIgniter\View\View->render()
 5 APPPATH/Controllers/Home.php(14): view()
 6 SYSTEMPATH/CodeIgniter.php(932): App\Controllers\Home->exibir()
 7 SYSTEMPATH/CodeIgniter.php(497): CodeIgniter\CodeIgniter->runController()
 8 SYSTEMPATH/CodeIgniter.php(366): CodeIgniter\CodeIgniter->handleRequest()
 9 FCPATH/index.php(67): CodeIgniter\CodeIgniter->run()
CRITICAL - 2023-09-11 22:37:46 --> Undefined variable: pessoas
in APPPATH/Views/exibir.php on line 19.
 1 APPPATH/Views/exibir.php(19): CodeIgniter\Debug\Exceptions->errorHandler()
 2 SYSTEMPATH/View/View.php(224): include('/home/www/html/dwilliam/ads107/aulas/app/Views/exibir.php')
 3 SYSTEMPATH/View/View.php(227): CodeIgniter\View\View->CodeIgniter\View\{closure}()
 4 SYSTEMPATH/Common.php(1176): CodeIgniter\View\View->render()
 5 APPPATH/Controllers/Home.php(14): view()
 6 SYSTEMPATH/CodeIgniter.php(932): App\Controllers\Home->exibir()
 7 SYSTEMPATH/CodeIgniter.php(497): CodeIgniter\CodeIgniter->runController()
 8 SYSTEMPATH/CodeIgniter.php(366): CodeIgniter\CodeIgniter->handleRequest()
 9 FCPATH/index.php(67): CodeIgniter\CodeIgniter->run()
CRITICAL - 2023-09-11 22:39:35 --> Undefined variable: pessoas
in APPPATH/Views/exibir.php on line 19.
 1 APPPATH/Views/exibir.php(19): CodeIgniter\Debug\Exceptions->errorHandler()
 2 SYSTEMPATH/View/View.php(224): include('/home/www/html/dwilliam/ads107/aulas/app/Views/exibir.php')
 3 SYSTEMPATH/View/View.php(227): CodeIgniter\View\View->CodeIgniter\View\{closure}()
 4 SYSTEMPATH/Common.php(1176): CodeIgniter\View\View->render()
 5 APPPATH/Controllers/Home.php(14): view()
 6 SYSTEMPATH/CodeIgniter.php(932): App\Controllers\Home->exibir()
 7 SYSTEMPATH/CodeIgniter.php(497): CodeIgniter\CodeIgniter->runController()
 8 SYSTEMPATH/CodeIgniter.php(366): CodeIgniter\CodeIgniter->handleRequest()
 9 FCPATH/index.php(67): CodeIgniter\CodeIgniter->run()
CRITICAL - 2023-09-11 22:42:10 --> Undefined variable: pessoas
in APPPATH/Views/exibir.php on line 19.
 1 APPPATH/Views/exibir.php(19): CodeIgniter\Debug\Exceptions->errorHandler()
 2 SYSTEMPATH/View/View.php(224): include('/home/www/html/dwilliam/ads107/aulas/app/Views/exibir.php')
 3 SYSTEMPATH/View/View.php(227): CodeIgniter\View\View->CodeIgniter\View\{closure}()
 4 SYSTEMPATH/Common.php(1176): CodeIgniter\View\View->render()
 5 APPPATH/Controllers/Home.php(14): view()
 6 SYSTEMPATH/CodeIgniter.php(932): App\Controllers\Home->exibir()
 7 SYSTEMPATH/CodeIgniter.php(497): CodeIgniter\CodeIgniter->runController()
 8 SYSTEMPATH/CodeIgniter.php(366): CodeIgniter\CodeIgniter->handleRequest()
 9 FCPATH/index.php(67): CodeIgniter\CodeIgniter->run()
CRITICAL - 2023-09-11 22:42:11 --> Undefined variable: pessoas
in APPPATH/Views/exibir.php on line 19.
 1 APPPATH/Views/exibir.php(19): CodeIgniter\Debug\Exceptions->errorHandler()
 2 SYSTEMPATH/View/View.php(224): include('/home/www/html/dwilliam/ads107/aulas/app/Views/exibir.php')
 3 SYSTEMPATH/View/View.php(227): CodeIgniter\View\View->CodeIgniter\View\{closure}()
 4 SYSTEMPATH/Common.php(1176): CodeIgniter\View\View->render()
 5 APPPATH/Controllers/Home.php(14): view()
 6 SYSTEMPATH/CodeIgniter.php(932): App\Controllers\Home->exibir()
 7 SYSTEMPATH/CodeIgniter.php(497): CodeIgniter\CodeIgniter->runController()
 8 SYSTEMPATH/CodeIgniter.php(366): CodeIgniter\CodeIgniter->handleRequest()
 9 FCPATH/index.php(67): CodeIgniter\CodeIgniter->run()
CRITICAL - 2023-09-11 22:43:08 --> Undefined variable: pessoas
in APPPATH/Views/exibir.php on line 19.
 1 APPPATH/Views/exibir.php(19): CodeIgniter\Debug\Exceptions->errorHandler()
 2 SYSTEMPATH/View/View.php(224): include('/home/www/html/dwilliam/ads107/aulas/app/Views/exibir.php')
 3 SYSTEMPATH/View/View.php(227): CodeIgniter\View\View->CodeIgniter\View\{closure}()
 4 SYSTEMPATH/Common.php(1176): CodeIgniter\View\View->render()
 5 APPPATH/Controllers/Home.php(14): view()
 6 SYSTEMPATH/CodeIgniter.php(932): App\Controllers\Home->exibir()
 7 SYSTEMPATH/CodeIgniter.php(497): CodeIgniter\CodeIgniter->runController()
 8 SYSTEMPATH/CodeIgniter.php(366): CodeIgniter\CodeIgniter->handleRequest()
 9 FCPATH/index.php(67): CodeIgniter\CodeIgniter->run()
CRITICAL - 2023-09-11 22:43:08 --> Undefined variable: pessoas
in APPPATH/Views/exibir.php on line 19.
 1 APPPATH/Views/exibir.php(19): CodeIgniter\Debug\Exceptions->errorHandler()
 2 SYSTEMPATH/View/View.php(224): include('/home/www/html/dwilliam/ads107/aulas/app/Views/exibir.php')
 3 SYSTEMPATH/View/View.php(227): CodeIgniter\View\View->CodeIgniter\View\{closure}()
 4 SYSTEMPATH/Common.php(1176): CodeIgniter\View\View->render()
 5 APPPATH/Controllers/Home.php(14): view()
 6 SYSTEMPATH/CodeIgniter.php(932): App\Controllers\Home->exibir()
 7 SYSTEMPATH/CodeIgniter.php(497): CodeIgniter\CodeIgniter->runController()
 8 SYSTEMPATH/CodeIgniter.php(366): CodeIgniter\CodeIgniter->handleRequest()
 9 FCPATH/index.php(67): CodeIgniter\CodeIgniter->run()
CRITICAL - 2023-09-11 22:43:09 --> Undefined variable: pessoas
in APPPATH/Views/exibir.php on line 19.
 1 APPPATH/Views/exibir.php(19): CodeIgniter\Debug\Exceptions->errorHandler()
 2 SYSTEMPATH/View/View.php(224): include('/home/www/html/dwilliam/ads107/aulas/app/Views/exibir.php')
 3 SYSTEMPATH/View/View.php(227): CodeIgniter\View\View->CodeIgniter\View\{closure}()
 4 SYSTEMPATH/Common.php(1176): CodeIgniter\View\View->render()
 5 APPPATH/Controllers/Home.php(14): view()
 6 SYSTEMPATH/CodeIgniter.php(932): App\Controllers\Home->exibir()
 7 SYSTEMPATH/CodeIgniter.php(497): CodeIgniter\CodeIgniter->runController()
 8 SYSTEMPATH/CodeIgniter.php(366): CodeIgniter\CodeIgniter->handleRequest()
 9 FCPATH/index.php(67): CodeIgniter\CodeIgniter->run()
CRITICAL - 2023-09-11 22:46:00 --> Undefined variable: pessoas
in APPPATH/Views/exibir.php on line 21.
 1 APPPATH/Views/exibir.php(21): CodeIgniter\Debug\Exceptions->errorHandler()
 2 SYSTEMPATH/View/View.php(224): include('/home/www/html/dwilliam/ads107/aulas/app/Views/exibir.php')
 3 SYSTEMPATH/View/View.php(227): CodeIgniter\View\View->CodeIgniter\View\{closure}()
 4 SYSTEMPATH/Common.php(1176): CodeIgniter\View\View->render()
 5 APPPATH/Controllers/Home.php(14): view()
 6 SYSTEMPATH/CodeIgniter.php(932): App\Controllers\Home->exibir()
 7 SYSTEMPATH/CodeIgniter.php(497): CodeIgniter\CodeIgniter->runController()
 8 SYSTEMPATH/CodeIgniter.php(366): CodeIgniter\CodeIgniter->handleRequest()
 9 FCPATH/index.php(67): CodeIgniter\CodeIgniter->run()
CRITICAL - 2023-09-11 22:46:00 --> Undefined variable: pessoas
in APPPATH/Views/exibir.php on line 21.
 1 APPPATH/Views/exibir.php(21): CodeIgniter\Debug\Exceptions->errorHandler()
 2 SYSTEMPATH/View/View.php(224): include('/home/www/html/dwilliam/ads107/aulas/app/Views/exibir.php')
 3 SYSTEMPATH/View/View.php(227): CodeIgniter\View\View->CodeIgniter\View\{closure}()
 4 SYSTEMPATH/Common.php(1176): CodeIgniter\View\View->render()
 5 APPPATH/Controllers/Home.php(14): view()
 6 SYSTEMPATH/CodeIgniter.php(932): App\Controllers\Home->exibir()
 7 SYSTEMPATH/CodeIgniter.php(497): CodeIgniter\CodeIgniter->runController()
 8 SYSTEMPATH/CodeIgniter.php(366): CodeIgniter\CodeIgniter->handleRequest()
 9 FCPATH/index.php(67): CodeIgniter\CodeIgniter->run()
CRITICAL - 2023-09-11 22:46:01 --> Undefined variable: pessoas
in APPPATH/Views/exibir.php on line 21.
 1 APPPATH/Views/exibir.php(21): CodeIgniter\Debug\Exceptions->errorHandler()
 2 SYSTEMPATH/View/View.php(224): include('/home/www/html/dwilliam/ads107/aulas/app/Views/exibir.php')
 3 SYSTEMPATH/View/View.php(227): CodeIgniter\View\View->CodeIgniter\View\{closure}()
 4 SYSTEMPATH/Common.php(1176): CodeIgniter\View\View->render()
 5 APPPATH/Controllers/Home.php(14): view()
 6 SYSTEMPATH/CodeIgniter.php(932): App\Controllers\Home->exibir()
 7 SYSTEMPATH/CodeIgniter.php(497): CodeIgniter\CodeIgniter->runController()
 8 SYSTEMPATH/CodeIgniter.php(366): CodeIgniter\CodeIgniter->handleRequest()
 9 FCPATH/index.php(67): CodeIgniter\CodeIgniter->run()
CRITICAL - 2023-09-11 22:46:18 --> Undefined variable: pessoas
in APPPATH/Views/exibir.php on line 21.
 1 APPPATH/Views/exibir.php(21): CodeIgniter\Debug\Exceptions->errorHandler()
 2 SYSTEMPATH/View/View.php(224): include('/home/www/html/dwilliam/ads107/aulas/app/Views/exibir.php')
 3 SYSTEMPATH/View/View.php(227): CodeIgniter\View\View->CodeIgniter\View\{closure}()
 4 SYSTEMPATH/Common.php(1176): CodeIgniter\View\View->render()
 5 APPPATH/Controllers/Home.php(14): view()
 6 SYSTEMPATH/CodeIgniter.php(932): App\Controllers\Home->exibir()
 7 SYSTEMPATH/CodeIgniter.php(497): CodeIgniter\CodeIgniter->runController()
 8 SYSTEMPATH/CodeIgniter.php(366): CodeIgniter\CodeIgniter->handleRequest()
 9 FCPATH/index.php(67): CodeIgniter\CodeIgniter->run()
CRITICAL - 2023-09-11 22:46:19 --> Undefined variable: pessoas
in APPPATH/Views/exibir.php on line 21.
 1 APPPATH/Views/exibir.php(21): CodeIgniter\Debug\Exceptions->errorHandler()
 2 SYSTEMPATH/View/View.php(224): include('/home/www/html/dwilliam/ads107/aulas/app/Views/exibir.php')
 3 SYSTEMPATH/View/View.php(227): CodeIgniter\View\View->CodeIgniter\View\{closure}()
 4 SYSTEMPATH/Common.php(1176): CodeIgniter\View\View->render()
 5 APPPATH/Controllers/Home.php(14): view()
 6 SYSTEMPATH/CodeIgniter.php(932): App\Controllers\Home->exibir()
 7 SYSTEMPATH/CodeIgniter.php(497): CodeIgniter\CodeIgniter->runController()
 8 SYSTEMPATH/CodeIgniter.php(366): CodeIgniter\CodeIgniter->handleRequest()
 9 FCPATH/index.php(67): CodeIgniter\CodeIgniter->run()
CRITICAL - 2023-09-11 22:46:19 --> Undefined variable: pessoas
in APPPATH/Views/exibir.php on line 21.
 1 APPPATH/Views/exibir.php(21): CodeIgniter\Debug\Exceptions->errorHandler()
 2 SYSTEMPATH/View/View.php(224): include('/home/www/html/dwilliam/ads107/aulas/app/Views/exibir.php')
 3 SYSTEMPATH/View/View.php(227): CodeIgniter\View\View->CodeIgniter\View\{closure}()
 4 SYSTEMPATH/Common.php(1176): CodeIgniter\View\View->render()
 5 APPPATH/Controllers/Home.php(14): view()
 6 SYSTEMPATH/CodeIgniter.php(932): App\Controllers\Home->exibir()
 7 SYSTEMPATH/CodeIgniter.php(497): CodeIgniter\CodeIgniter->runController()
 8 SYSTEMPATH/CodeIgniter.php(366): CodeIgniter\CodeIgniter->handleRequest()
 9 FCPATH/index.php(67): CodeIgniter\CodeIgniter->run()
CRITICAL - 2023-09-11 22:50:07 --> Undefined variable: pessoas
in APPPATH/Views/exibir.php on line 21.
 1 APPPATH/Views/exibir.php(21): CodeIgniter\Debug\Exceptions->errorHandler()
 2 SYSTEMPATH/View/View.php(224): include('/home/www/html/dwilliam/ads107/aulas/app/Views/exibir.php')
 3 SYSTEMPATH/View/View.php(227): CodeIgniter\View\View->CodeIgniter\View\{closure}()
 4 SYSTEMPATH/Common.php(1176): CodeIgniter\View\View->render()
 5 APPPATH/Controllers/Home.php(14): view()
 6 SYSTEMPATH/CodeIgniter.php(932): App\Controllers\Home->exibir()
 7 SYSTEMPATH/CodeIgniter.php(497): CodeIgniter\CodeIgniter->runController()
 8 SYSTEMPATH/CodeIgniter.php(366): CodeIgniter\CodeIgniter->handleRequest()
 9 FCPATH/index.php(67): CodeIgniter\CodeIgniter->run()
CRITICAL - 2023-09-11 22:57:22 --> Undefined variable: pessoas
in APPPATH/Views/exibir.php on line 21.
 1 APPPATH/Views/exibir.php(21): CodeIgniter\Debug\Exceptions->errorHandler()
 2 SYSTEMPATH/View/View.php(224): include('/home/www/html/dwilliam/ads107/aulas/app/Views/exibir.php')
 3 SYSTEMPATH/View/View.php(227): CodeIgniter\View\View->CodeIgniter\View\{closure}()
 4 SYSTEMPATH/Common.php(1176): CodeIgniter\View\View->render()
 5 APPPATH/Controllers/Home.php(14): view()
 6 SYSTEMPATH/CodeIgniter.php(932): App\Controllers\Home->exibir()
 7 SYSTEMPATH/CodeIgniter.php(497): CodeIgniter\CodeIgniter->runController()
 8 SYSTEMPATH/CodeIgniter.php(366): CodeIgniter\CodeIgniter->handleRequest()
 9 FCPATH/index.php(67): CodeIgniter\CodeIgniter->run()
CRITICAL - 2023-09-11 22:57:23 --> Undefined variable: pessoas
in APPPATH/Views/exibir.php on line 21.
 1 APPPATH/Views/exibir.php(21): CodeIgniter\Debug\Exceptions->errorHandler()
 2 SYSTEMPATH/View/View.php(224): include('/home/www/html/dwilliam/ads107/aulas/app/Views/exibir.php')
 3 SYSTEMPATH/View/View.php(227): CodeIgniter\View\View->CodeIgniter\View\{closure}()
 4 SYSTEMPATH/Common.php(1176): CodeIgniter\View\View->render()
 5 APPPATH/Controllers/Home.php(14): view()
 6 SYSTEMPATH/CodeIgniter.php(932): App\Controllers\Home->exibir()
 7 SYSTEMPATH/CodeIgniter.php(497): CodeIgniter\CodeIgniter->runController()
 8 SYSTEMPATH/CodeIgniter.php(366): CodeIgniter\CodeIgniter->handleRequest()
 9 FCPATH/index.php(67): CodeIgniter\CodeIgniter->run()
CRITICAL - 2023-09-11 22:57:23 --> Undefined variable: pessoas
in APPPATH/Views/exibir.php on line 21.
 1 APPPATH/Views/exibir.php(21): CodeIgniter\Debug\Exceptions->errorHandler()
 2 SYSTEMPATH/View/View.php(224): include('/home/www/html/dwilliam/ads107/aulas/app/Views/exibir.php')
 3 SYSTEMPATH/View/View.php(227): CodeIgniter\View\View->CodeIgniter\View\{closure}()
 4 SYSTEMPATH/Common.php(1176): CodeIgniter\View\View->render()
 5 APPPATH/Controllers/Home.php(14): view()
 6 SYSTEMPATH/CodeIgniter.php(932): App\Controllers\Home->exibir()
 7 SYSTEMPATH/CodeIgniter.php(497): CodeIgniter\CodeIgniter->runController()
 8 SYSTEMPATH/CodeIgniter.php(366): CodeIgniter\CodeIgniter->handleRequest()
 9 FCPATH/index.php(67): CodeIgniter\CodeIgniter->run()
CRITICAL - 2023-09-11 22:59:15 --> Undefined variable: pessoas
in APPPATH/Views/exibir.php on line 21.
 1 APPPATH/Views/exibir.php(21): CodeIgniter\Debug\Exceptions->errorHandler()
 2 SYSTEMPATH/View/View.php(224): include('/home/www/html/dwilliam/ads107/aulas/app/Views/exibir.php')
 3 SYSTEMPATH/View/View.php(227): CodeIgniter\View\View->CodeIgniter\View\{closure}()
 4 SYSTEMPATH/Common.php(1176): CodeIgniter\View\View->render()
 5 APPPATH/Controllers/Home.php(14): view()
 6 SYSTEMPATH/CodeIgniter.php(932): App\Controllers\Home->exibir()
 7 SYSTEMPATH/CodeIgniter.php(497): CodeIgniter\CodeIgniter->runController()
 8 SYSTEMPATH/CodeIgniter.php(366): CodeIgniter\CodeIgniter->handleRequest()
 9 FCPATH/index.php(67): CodeIgniter\CodeIgniter->run()
CRITICAL - 2023-09-11 22:59:15 --> Undefined variable: pessoas
in APPPATH/Views/exibir.php on line 21.
 1 APPPATH/Views/exibir.php(21): CodeIgniter\Debug\Exceptions->errorHandler()
 2 SYSTEMPATH/View/View.php(224): include('/home/www/html/dwilliam/ads107/aulas/app/Views/exibir.php')
 3 SYSTEMPATH/View/View.php(227): CodeIgniter\View\View->CodeIgniter\View\{closure}()
 4 SYSTEMPATH/Common.php(1176): CodeIgniter\View\View->render()
 5 APPPATH/Controllers/Home.php(14): view()
 6 SYSTEMPATH/CodeIgniter.php(932): App\Controllers\Home->exibir()
 7 SYSTEMPATH/CodeIgniter.php(497): CodeIgniter\CodeIgniter->runController()
 8 SYSTEMPATH/CodeIgniter.php(366): CodeIgniter\CodeIgniter->handleRequest()
 9 FCPATH/index.php(67): CodeIgniter\CodeIgniter->run()
CRITICAL - 2023-09-11 22:59:16 --> Undefined variable: pessoas
in APPPATH/Views/exibir.php on line 21.
 1 APPPATH/Views/exibir.php(21): CodeIgniter\Debug\Exceptions->errorHandler()
 2 SYSTEMPATH/View/View.php(224): include('/home/www/html/dwilliam/ads107/aulas/app/Views/exibir.php')
 3 SYSTEMPATH/View/View.php(227): CodeIgniter\View\View->CodeIgniter\View\{closure}()
 4 SYSTEMPATH/Common.php(1176): CodeIgniter\View\View->render()
 5 APPPATH/Controllers/Home.php(14): view()
 6 SYSTEMPATH/CodeIgniter.php(932): App\Controllers\Home->exibir()
 7 SYSTEMPATH/CodeIgniter.php(497): CodeIgniter\CodeIgniter->runController()
 8 SYSTEMPATH/CodeIgniter.php(366): CodeIgniter\CodeIgniter->handleRequest()
 9 FCPATH/index.php(67): CodeIgniter\CodeIgniter->run()
CRITICAL - 2023-09-11 23:01:32 --> Undefined variable: pessoas
in APPPATH/Views/exibir.php on line 21.
 1 APPPATH/Views/exibir.php(21): CodeIgniter\Debug\Exceptions->errorHandler()
 2 SYSTEMPATH/View/View.php(224): include('/home/www/html/dwilliam/ads107/aulas/app/Views/exibir.php')
 3 SYSTEMPATH/View/View.php(227): CodeIgniter\View\View->CodeIgniter\View\{closure}()
 4 SYSTEMPATH/Common.php(1176): CodeIgniter\View\View->render()
 5 APPPATH/Controllers/Home.php(14): view()
 6 SYSTEMPATH/CodeIgniter.php(932): App\Controllers\Home->exibir()
 7 SYSTEMPATH/CodeIgniter.php(497): CodeIgniter\CodeIgniter->runController()
 8 SYSTEMPATH/CodeIgniter.php(366): CodeIgniter\CodeIgniter->handleRequest()
 9 FCPATH/index.php(67): CodeIgniter\CodeIgniter->run()
CRITICAL - 2023-09-11 23:01:33 --> Undefined variable: pessoas
in APPPATH/Views/exibir.php on line 21.
 1 APPPATH/Views/exibir.php(21): CodeIgniter\Debug\Exceptions->errorHandler()
 2 SYSTEMPATH/View/View.php(224): include('/home/www/html/dwilliam/ads107/aulas/app/Views/exibir.php')
 3 SYSTEMPATH/View/View.php(227): CodeIgniter\View\View->CodeIgniter\View\{closure}()
 4 SYSTEMPATH/Common.php(1176): CodeIgniter\View\View->render()
 5 APPPATH/Controllers/Home.php(14): view()
 6 SYSTEMPATH/CodeIgniter.php(932): App\Controllers\Home->exibir()
 7 SYSTEMPATH/CodeIgniter.php(497): CodeIgniter\CodeIgniter->runController()
 8 SYSTEMPATH/CodeIgniter.php(366): CodeIgniter\CodeIgniter->handleRequest()
 9 FCPATH/index.php(67): CodeIgniter\CodeIgniter->run()
CRITICAL - 2023-09-11 23:03:14 --> Undefined variable: pessoas
in APPPATH/Views/exibir.php on line 21.
 1 APPPATH/Views/exibir.php(21): CodeIgniter\Debug\Exceptions->errorHandler()
 2 SYSTEMPATH/View/View.php(224): include('/home/www/html/dwilliam/ads107/aulas/app/Views/exibir.php')
 3 SYSTEMPATH/View/View.php(227): CodeIgniter\View\View->CodeIgniter\View\{closure}()
 4 SYSTEMPATH/Common.php(1176): CodeIgniter\View\View->render()
 5 APPPATH/Controllers/Home.php(14): view()
 6 SYSTEMPATH/CodeIgniter.php(932): App\Controllers\Home->exibir()
 7 SYSTEMPATH/CodeIgniter.php(497): CodeIgniter\CodeIgniter->runController()
 8 SYSTEMPATH/CodeIgniter.php(366): CodeIgniter\CodeIgniter->handleRequest()
 9 FCPATH/index.php(67): CodeIgniter\CodeIgniter->run()
CRITICAL - 2023-09-11 23:03:28 --> Undefined variable: pessoa
in APPPATH/Views/exibir.php on line 21.
 1 APPPATH/Views/exibir.php(21): CodeIgniter\Debug\Exceptions->errorHandler()
 2 SYSTEMPATH/View/View.php(224): include('/home/www/html/dwilliam/ads107/aulas/app/Views/exibir.php')
 3 SYSTEMPATH/View/View.php(227): CodeIgniter\View\View->CodeIgniter\View\{closure}()
 4 SYSTEMPATH/Common.php(1176): CodeIgniter\View\View->render()
 5 APPPATH/Controllers/Home.php(14): view()
 6 SYSTEMPATH/CodeIgniter.php(932): App\Controllers\Home->exibir()
 7 SYSTEMPATH/CodeIgniter.php(497): CodeIgniter\CodeIgniter->runController()
 8 SYSTEMPATH/CodeIgniter.php(366): CodeIgniter\CodeIgniter->handleRequest()
 9 FCPATH/index.php(67): CodeIgniter\CodeIgniter->run()
CRITICAL - 2023-09-11 23:10:41 --> Undefined variable: pessoa
in APPPATH/Views/exibir.php on line 21.
 1 APPPATH/Views/exibir.php(21): CodeIgniter\Debug\Exceptions->errorHandler()
 2 SYSTEMPATH/View/View.php(224): include('/home/www/html/dwilliam/ads107/aulas/app/Views/exibir.php')
 3 SYSTEMPATH/View/View.php(227): CodeIgniter\View\View->CodeIgniter\View\{closure}()
 4 SYSTEMPATH/Common.php(1176): CodeIgniter\View\View->render()
 5 APPPATH/Controllers/Home.php(14): view()
 6 SYSTEMPATH/CodeIgniter.php(932): App\Controllers\Home->exibir()
 7 SYSTEMPATH/CodeIgniter.php(497): CodeIgniter\CodeIgniter->runController()
 8 SYSTEMPATH/CodeIgniter.php(366): CodeIgniter\CodeIgniter->handleRequest()
 9 FCPATH/index.php(67): CodeIgniter\CodeIgniter->run()
CRITICAL - 2023-09-11 23:10:42 --> Undefined variable: pessoa
in APPPATH/Views/exibir.php on line 21.
 1 APPPATH/Views/exibir.php(21): CodeIgniter\Debug\Exceptions->errorHandler()
 2 SYSTEMPATH/View/View.php(224): include('/home/www/html/dwilliam/ads107/aulas/app/Views/exibir.php')
 3 SYSTEMPATH/View/View.php(227): CodeIgniter\View\View->CodeIgniter\View\{closure}()
 4 SYSTEMPATH/Common.php(1176): CodeIgniter\View\View->render()
 5 APPPATH/Controllers/Home.php(14): view()
 6 SYSTEMPATH/CodeIgniter.php(932): App\Controllers\Home->exibir()
 7 SYSTEMPATH/CodeIgniter.php(497): CodeIgniter\CodeIgniter->runController()
 8 SYSTEMPATH/CodeIgniter.php(366): CodeIgniter\CodeIgniter->handleRequest()
 9 FCPATH/index.php(67): CodeIgniter\CodeIgniter->run()
CRITICAL - 2023-09-11 23:10:52 --> Undefined variable: pessoas
in APPPATH/Views/exibir.php on line 21.
 1 APPPATH/Views/exibir.php(21): CodeIgniter\Debug\Exceptions->errorHandler()
 2 SYSTEMPATH/View/View.php(224): include('/home/www/html/dwilliam/ads107/aulas/app/Views/exibir.php')
 3 SYSTEMPATH/View/View.php(227): CodeIgniter\View\View->CodeIgniter\View\{closure}()
 4 SYSTEMPATH/Common.php(1176): CodeIgniter\View\View->render()
 5 APPPATH/Controllers/Home.php(14): view()
 6 SYSTEMPATH/CodeIgniter.php(932): App\Controllers\Home->exibir()
 7 SYSTEMPATH/CodeIgniter.php(497): CodeIgniter\CodeIgniter->runController()
 8 SYSTEMPATH/CodeIgniter.php(366): CodeIgniter\CodeIgniter->handleRequest()
 9 FCPATH/index.php(67): CodeIgniter\CodeIgniter->run()
